2020-07-27 17:12:07,469 T11204 INFO flask running & logger module start ...
2020-07-27 17:12:08,012 T11188 INFO flask running & logger module start ...
2020-07-27 17:12:21,435 T13288 INFO 毕业之家论文查重服务
2020-07-27 17:12:51,716 T7984 INFO flask running & logger module start ...
2020-07-27 17:41:35,914 T6608 INFO flask running & logger module start ...
2020-07-27 17:41:37,041 T4636 INFO flask running & logger module start ...
2020-07-27 17:42:24,707 T8680 INFO 毕业之家论文查重服务
2020-07-27 17:42:24,710 T8680 INFO url
2020-07-27 17:42:32,802 T8680 INFO url
2020-07-27 17:42:43,816 T5260 INFO flask running & logger module start ...
2020-07-27 17:42:51,761 T12564 INFO url
2020-07-27 17:42:51,763 T12564 INFO url
2020-07-27 17:42:59,799 T15084 INFO flask running & logger module start ...
2020-07-27 17:43:07,172 T5180 INFO http://api.paperyy.com/balance.aspx
2020-07-27 17:43:07,174 T5180 INFO http://api.paperyy.com/balance.aspx
2020-07-27 17:43:17,931 T1248 INFO flask running & logger module start ...
2020-07-27 17:43:20,355 T7976 INFO http://api.paperyy.com/balance.aspx
2020-07-27 17:43:49,028 T16036 INFO flask running & logger module start ...
2020-07-27 17:44:41,003 T17672 INFO flask running & logger module start ...
2020-07-27 17:44:43,311 T19568 INFO http://api.paperyy.com/balance.aspx
2020-07-27 17:44:59,044 T6860 INFO flask running & logger module start ...
2020-07-27 17:45:01,004 T15432 INFO http://api.paperyy.com/balance.aspx
2020-07-27 17:46:43,013 T11068 INFO flask running & logger module start ...
2020-07-27 17:46:48,974 T15964 INFO flask running & logger module start ...
2020-07-27 17:47:07,028 T14080 INFO http://api.paperyy.com/balance.aspx
2020-07-27 17:47:07,096 T14080 INFO http://api.paperyy.com/balance.aspx
2020-07-27 17:47:54,617 T5912 INFO flask running & logger module start ...
2020-07-27 17:47:57,056 T16544 INFO http://api.paperyy.com/balance.aspx
2020-07-27 17:48:15,313 T3780 INFO flask running & logger module start ...
2020-07-27 17:50:02,777 T9408 INFO flask running & logger module start ...
2020-07-27 17:50:03,374 T9124 INFO flask running & logger module start ...
2020-07-27 17:51:43,776 T20468 INFO flask running & logger module start ...
2020-07-27 17:59:16,778 T15452 INFO flask running & logger module start ...
2020-07-27 17:59:17,389 T18836 INFO flask running & logger module start ...
2020-07-27 17:59:25,484 T13504 INFO 获取论文内容，提交paperyy查重
2020-07-27 17:59:53,133 T13504 INFO 获取论文内容，提交paperyy查重
2020-07-27 18:03:45,516 T13504 INFO 获取论文内容，提交paperyy查重
2020-07-27 18:03:45,518 T13504 INFO None
2020-07-27 18:04:05,687 T13504 INFO 获取论文内容，提交paperyy查重
2020-07-27 18:04:05,691 T13504 INFO 毕业之家商家平台与金融中心技术对接方案
2020-07-27 18:06:04,741 T13504 INFO 获取论文内容，提交paperyy查重
2020-07-27 18:06:04,741 T13504 INFO 毕业之家商家平台与金融中心技术对接方案
