2020-07-28 10:23:27,400 T1548 INFO flask running & logger module start ...
2020-07-28 10:23:44,022 T16540 INFO flask running & logger module start ...
2020-07-28 10:23:47,693 T21020 INFO 获取论文内容，提交paperyy查重
2020-07-28 10:23:47,693 T21020 INFO 毕业之家商家平台与金融中心技术对接方案
2020-07-28 10:23:47,893 T21020 INFO <class 'str'>
2020-07-28 10:24:50,417 T15416 INFO flask running & logger module start ...
2020-07-28 14:45:33,039 T22428 INFO flask running & logger module start ...
2020-07-28 14:45:34,357 T15720 INFO flask running & logger module start ...
2020-07-28 14:45:51,465 T19192 INFO flask running & logger module start ...
2020-07-28 14:45:55,142 T18672 INFO 下载检测报告
2020-07-28 14:46:41,385 T6772 INFO flask running & logger module start ...
2020-07-28 14:48:32,874 T4588 INFO 下载检测报告
2020-07-28 14:48:32,877 T4588 INFO 访问paperyy获取检测报告
2020-07-28 14:48:33,000 T4588 INFO 获取检测报告异常:the JSON object must be str, bytes or bytearray, not Response
2020-07-28 14:48:33,001 T4588 INFO 通过paperyy下载检测报告失败
2020-07-28 14:49:10,935 T18892 INFO flask running & logger module start ...
2020-07-28 14:49:28,438 T14048 INFO flask running & logger module start ...
2020-07-28 14:49:31,123 T17776 INFO 下载检测报告
2020-07-28 14:49:31,123 T17776 INFO 访问paperyy获取检测报告
2020-07-28 14:49:31,208 T17776 INFO 获取检测报告异常:the JSON object must be str, bytes or bytearray, not Response
2020-07-28 14:49:31,209 T17776 INFO 通过paperyy下载检测报告失败
2020-07-28 14:50:20,074 T18256 INFO flask running & logger module start ...
2020-07-28 14:50:22,004 T16768 INFO 下载检测报告
2020-07-28 14:50:22,004 T16768 INFO 访问paperyy获取检测报告
2020-07-28 14:50:22,073 T16768 INFO 获取检测报告异常:the JSON object must be str, bytes or bytearray, not Response
2020-07-28 14:50:22,074 T16768 INFO 通过paperyy下载检测报告失败
2020-07-28 14:50:57,620 T13572 INFO flask running & logger module start ...
2020-07-28 14:50:59,516 T11444 INFO 查询账户余额
2020-07-28 14:51:31,197 T18352 INFO flask running & logger module start ...
2020-07-28 14:51:34,549 T18812 INFO 下载检测报告
2020-07-28 14:51:34,553 T18812 INFO 访问paperyy获取检测报告
2020-07-28 14:51:34,626 T18812 INFO 获取检测报告异常:the JSON object must be str, bytes or bytearray, not Response
2020-07-28 14:51:34,627 T18812 INFO 通过paperyy下载检测报告失败
2020-07-28 14:52:30,630 T18676 INFO flask running & logger module start ...
2020-07-28 14:52:32,524 T21948 INFO 下载检测报告
2020-07-28 14:52:32,526 T21948 INFO 访问paperyy获取检测报告
2020-07-28 14:52:32,598 T21948 INFO 获取检测报告异常:the JSON object must be str, bytes or bytearray, not Response
2020-07-28 14:52:32,598 T21948 INFO 通过paperyy下载检测报告失败
2020-07-28 14:52:46,678 T6984 INFO flask running & logger module start ...
2020-07-28 14:52:47,414 T21328 INFO 下载检测报告
2020-07-28 14:52:47,415 T21328 INFO 访问paperyy获取检测报告
2020-07-28 14:52:47,516 T21328 INFO 获取检测报告异常:the JSON object must be str, bytes or bytearray, not Response
2020-07-28 14:52:47,517 T21328 INFO 通过paperyy下载检测报告失败
2020-07-28 14:53:09,067 T11648 INFO flask running & logger module start ...
2020-07-28 14:53:12,717 T21428 INFO 下载检测报告
2020-07-28 14:53:12,718 T21428 INFO 访问paperyy获取检测报告
2020-07-28 14:53:12,789 T21428 INFO 获取检测报告异常:the JSON object must be str, bytes or bytearray, not Response
2020-07-28 14:53:12,797 T21428 INFO 通过paperyy下载检测报告失败
2020-07-28 14:53:34,265 T7516 INFO flask running & logger module start ...
2020-07-28 14:54:29,457 T12824 INFO flask running & logger module start ...
2020-07-28 14:54:31,443 T18616 INFO 下载检测报告
2020-07-28 14:54:31,445 T18616 INFO 访问paperyy获取检测报告
2020-07-28 14:55:01,305 T21296 INFO flask running & logger module start ...
2020-07-28 14:55:14,747 T19468 INFO flask running & logger module start ...
2020-07-28 14:55:17,292 T6224 INFO 下载检测报告
2020-07-28 14:55:17,292 T6224 INFO 访问paperyy获取检测报告
2020-07-28 14:55:17,362 T6224 INFO 下载检测报告异常:Invalid URL 'None': No schema supplied. Perhaps you meant http://None?
2020-07-28 14:55:33,656 T17124 INFO flask running & logger module start ...
2020-07-28 14:55:35,203 T9604 INFO 下载检测报告
2020-07-28 14:55:35,205 T9604 INFO 访问paperyy获取检测报告
2020-07-28 14:55:35,309 T9604 INFO None
2020-07-28 14:55:35,312 T9604 INFO 下载检测报告异常:Invalid URL 'None': No schema supplied. Perhaps you meant http://None?
2020-07-28 14:55:50,162 T22480 INFO flask running & logger module start ...
2020-07-28 14:55:51,555 T19384 INFO 下载检测报告
2020-07-28 14:55:51,555 T19384 INFO 访问paperyy获取检测报告
2020-07-28 14:55:51,660 T19384 INFO {'result': '1', 'returnval': '操作成功', 'table': {'addtime': '2020-07-27 18:05:50', 'haszip': 1, 'htmlurl': 'http://oemreport.paperyy.com/20200727/oem-f40a9aec-8165-4a8a-aa43-fbf6b832c215/index.html', 'reporttime': '2020-07-27 18:05:51', 'similarity': '0.0', 'state': '2', 'title': '毕业之家商家平台与金融中心技术对接方案', 'wordcount': '152', 'zipurl': 'http://oemreport.paperyy.com/20200727/oem-f40a9aec-8165-4a8a-aa43-fbf6b832c215/report.zip'}}
2020-07-28 14:55:51,661 T19384 INFO None
2020-07-28 14:55:51,666 T19384 INFO 下载检测报告异常:Invalid URL 'None': No schema supplied. Perhaps you meant http://None?
2020-07-28 14:56:20,270 T8368 INFO flask running & logger module start ...
2020-07-28 14:56:26,203 T19944 INFO flask running & logger module start ...
2020-07-28 14:56:29,097 T20956 INFO 下载检测报告
2020-07-28 14:56:29,099 T20956 INFO 访问paperyy获取检测报告
2020-07-28 14:56:29,170 T20956 INFO {'result': '1', 'returnval': '操作成功', 'table': {'addtime': '2020-07-27 18:05:50', 'haszip': 1, 'htmlurl': 'http://oemreport.paperyy.com/20200727/oem-f40a9aec-8165-4a8a-aa43-fbf6b832c215/index.html', 'reporttime': '2020-07-27 18:05:51', 'similarity': '0.0', 'state': '2', 'title': '毕业之家商家平台与金融中心技术对接方案', 'wordcount': '152', 'zipurl': 'http://oemreport.paperyy.com/20200727/oem-f40a9aec-8165-4a8a-aa43-fbf6b832c215/report.zip'}}
2020-07-28 14:56:29,170 T20956 INFO http://oemreport.paperyy.com/20200727/oem-f40a9aec-8165-4a8a-aa43-fbf6b832c215/report.zip
2020-07-28 14:56:29,990 T20956 INFO 下载检测报告异常:name 'os' is not defined
2020-07-28 14:56:38,508 T10636 INFO flask running & logger module start ...
2020-07-28 14:56:41,001 T8088 INFO 下载检测报告
2020-07-28 14:56:41,001 T8088 INFO 访问paperyy获取检测报告
2020-07-28 14:56:41,074 T8088 INFO {'result': '1', 'returnval': '操作成功', 'table': {'addtime': '2020-07-27 18:05:50', 'haszip': 1, 'htmlurl': 'http://oemreport.paperyy.com/20200727/oem-f40a9aec-8165-4a8a-aa43-fbf6b832c215/index.html', 'reporttime': '2020-07-27 18:05:51', 'similarity': '0.0', 'state': '2', 'title': '毕业之家商家平台与金融中心技术对接方案', 'wordcount': '152', 'zipurl': 'http://oemreport.paperyy.com/20200727/oem-f40a9aec-8165-4a8a-aa43-fbf6b832c215/report.zip'}}
2020-07-28 14:56:41,075 T8088 INFO http://oemreport.paperyy.com/20200727/oem-f40a9aec-8165-4a8a-aa43-fbf6b832c215/report.zip
2020-07-28 14:58:35,090 T1868 INFO flask running & logger module start ...
2020-07-28 18:20:00,537 T20840 INFO flask running & logger module start ...
2020-07-28 18:20:02,467 T6660 INFO flask running & logger module start ...
2020-07-28 18:20:07,352 T20648 INFO 下载检测报告
2020-07-28 18:20:07,352 T20648 INFO 访问paperyy获取检测报告
2020-07-28 18:20:07,445 T20648 INFO http://oemreport.paperyy.com/20200727/oem-f40a9aec-8165-4a8a-aa43-fbf6b832c215/report.zip
2020-07-28 18:23:41,098 T20700 INFO flask running & logger module start ...
2020-07-28 18:24:10,537 T8904 INFO 下载检测报告
2020-07-28 18:24:10,537 T8904 INFO 访问paperyy获取检测报告
2020-07-28 18:24:10,638 T8904 INFO http://oemreport.paperyy.com/20200727/oem-f40a9aec-8165-4a8a-aa43-fbf6b832c215/report.zip
2020-07-28 18:24:11,771 T8904 INFO 下载检测报告异常:module 'shutil' has no attribute 'remove'
2020-07-28 18:24:57,767 T19744 INFO flask running & logger module start ...
2020-07-28 18:25:10,126 T22420 INFO 下载检测报告
2020-07-28 18:25:10,126 T22420 INFO 访问paperyy获取检测报告
2020-07-28 18:25:10,227 T22420 INFO http://oemreport.paperyy.com/20200727/oem-f40a9aec-8165-4a8a-aa43-fbf6b832c215/report.zip
